
恶灵战队SQL自导入数据库备份程序


导入数据时需要用到外部工具，很不方便而且速度慢、成功率低，怎么办？
数据库太大根本无法导出或导入，怎么办？
恶灵战队SQL 就是为解决以上问题而诞生的。


一 恶灵战队SQL 程序有以下特点：

   ・可以导出导入任意大小的数据库。恶灵战队SQL 采用分卷导出的方式，将数据库分为多个部份多次导出，因此理论上无论多大的数据库，它都可以胜任。

   ・导出的文件本身可以在PHP环境下执行，因此不需要借助其他工具（也不再需要 恶灵战队SQL程序）。导出的文件为完整的 PHP 文件，直接在服务器中执行即可，使用方便。

   ・虽然为多页导出和导入，但其过程会自动运行，且执行速度较快，成功率高。

程序编写时考虑了程序的可整合性，因此只要略加修改即可整合到其他程序的后台。

   ・导出方式、每个数据文件的大小和数据表等都可以进行设置，个性化强。

   ・程序对数据进行了一定的压缩，减少了备份文件的空间占用。

   ・对导出的程序进行了加密，安全性高。

   ・导出和导入时基本上按照默认的配置即可，使用方便快捷。 


二 使用方法：


   直接把文件夹（包括“index.php”、“readme.txt”和文件夹“faisunsql_files”）上传到PHP+MySQL的服务器并输入其HTTP路径运行“index.php”即可。

   注意：如果您不是一个PHP程序员，请不要对文件包括“配置部分”作任何修改，否则可能对您数据不利。配置部分运行后会出现表单让您重新填写。

   运行后请阅读《说明文档》。


三 谢谢您使用本程序。


开发者： 恶灵战队

版权所有：恶灵战队